==========================================
    TESTE DO CODLOK - SIMULADOR
    SENHA CORRETA: 000123
==========================================
[ESTADO] IDLE

=== TESTE 1: Senha Correta (000123) ===
[CODLOK] Primeiro dígito: 0
[PROGRESSO] Dígitos digitados: 1/6
[ESTADO] PASSWORD_ENTRY
--- Tecla: 0 ---
[CODLOK] Dígito 2: 0
[PROGRESSO] Dígitos digitados: 2/6
--- Tecla: 0 ---
[CODLOK] Dígito 3: 0
[PROGRESSO] Dígitos digitados: 3/6
--- Tecla: 0 ---
[CODLOK] Dígito 4: 1
[PROGRESSO] Dígitos digitados: 4/6
--- Tecla: 1 ---
[CODLOK] Dígito 5: 2
[PROGRESSO] Dígitos digitados: 5/6
--- Tecla: 2 ---
[CODLOK] Dígito 6: 3
[PROGRESSO] Dígitos digitados: 6/6
[CODLOK] === VERIFICAÇÃO FINAL ===
[CODLOK] Senha digitada: 000123
[CODLOK] Senha correta:  000123
[CODLOK] *** SENHA CORRETA! ACESSO CONCEDIDO ***
[EVENTO] >>> ACESSO CONCEDIDO! <<<
[ESTADO] ACCESS_GRANTED
--- Tecla: 3 ---
[CODLOK] Tempo expirado
[ESTADO] IDLE

=== TESTE 2: Senha Incorreta (000122) ===
[CODLOK] Primeiro dígito: 0
[PROGRESSO] Dígitos digitados: 1/6
[ESTADO] PASSWORD_ENTRY
--- Tecla: 0 ---
[CODLOK] Dígito 2: 0
[PROGRESSO] Dígitos digitados: 2/6
--- Tecla: 0 ---
[CODLOK] Dígito 3: 0
[PROGRESSO] Dígitos digitados: 3/6
--- Tecla: 0 ---
[CODLOK] Dígito 4: 1
[PROGRESSO] Dígitos digitados: 4/6
--- Tecla: 1 ---
[CODLOK] Dígito 5: 2
[PROGRESSO] Dígitos digitados: 5/6
--- Tecla: 2 ---
[CODLOK] Dígito 6: 2
[PROGRESSO] Dígitos digitados: 6/6
[CODLOK] === VERIFICAÇÃO FINAL ===
[CODLOK] Senha digitada: 000122
[CODLOK] Senha correta:  000123
[CODLOK] *** SENHA INCORRETA! ACESSO NEGADO ***
[EVENTO] >>> ACESSO NEGADO! <<<
[ESTADO] ACCESS_DENIED
--- Tecla: 2 ---
[ESTADO] IDLE

=== TESTE 3: Cancelamento com # ===
[CODLOK] Primeiro dígito: 1
[PROGRESSO] Dígitos digitados: 1/6
[ESTADO] PASSWORD_ENTRY
--- Tecla: 1 ---
[CODLOK] Dígito 2: 2
[PROGRESSO] Dígitos digitados: 2/6
--- Tecla: 2 ---
[CODLOK] Cancelado com #
[ESTADO] IDLE
--- Tecla: b ---

=== TESTE 4: Senha Curta (apenas 3 dígitos) ===
[CODLOK] Primeiro dígito: 1
[PROGRESSO] Dígitos digitados: 1/6
[ESTADO] PASSWORD_ENTRY
--- Tecla: 1 ---
[CODLOK] Dígito 2: 2
[PROGRESSO] Dígitos digitados: 2/6
--- Tecla: 2 ---
[CODLOK] Dígito 3: 3
[PROGRESSO] Dígitos digitados: 3/6
--- Tecla: 3 ---

=== TESTE 5: Teclas Não Numéricas ===
--- Tecla: a ---
--- Tecla: c ---
--- Tecla: d ---

==========================================
         FIM DOS TESTES
==========================================
src/tb_codlok.v:113: $finish called at 25610000 (1ps)
